<?xml version="1.0" encoding="UTF-8"?>
<!-- Generated by org.testng.reporters.JUnitXMLReporter -->
<testsuite ignored="0" hostname="DESKTOP-P1FTC9P" failures="0" tests="4" name="Default test" time="128.863" errors="0" timestamp="2026-04-09T12:16:46 IST">
  <testcase classname="TestCaseRepo.TC_001" name="annotationOperation" time="31.932">
    <skipped/>
  </testcase> <!-- annotationOperation -->
  <testcase classname="TestCaseRepo.TC_001" name="annotationOperation" time="9.847">
    <skipped/>
  </testcase> <!-- annotationOperation -->
  <testcase classname="TestCaseRepo.TC_001" name="annotationOperation" time="9.459">
    <skipped/>
  </testcase> <!-- annotationOperation -->
  <testcase classname="TestCaseRepo.TC_001" name="annotationOperation" time="29.059"/>
</testsuite> <!-- Default test -->
