<?xml version="1.0" encoding="UTF-8"?>
<!-- Generated by org.testng.reporters.JUnitXMLReporter -->
<testsuite ignored="8" hostname="DESKTOP-P1FTC9P" failures="0" tests="5" name="Test" time="174.067" errors="0" timestamp="2026-04-09T17:29:53 IST">
  <testcase classname="TestCaseRepo.TC_003" name="LE_003" time="57.078"/>
  <testcase classname="TestCaseRepo.TC_001" name="annotationOperation" time="11.051">
    <skipped/>
  </testcase> <!-- annotationOperation -->
  <testcase classname="TestCaseRepo.TC_001" name="annotationOperation" time="14.439">
    <skipped/>
  </testcase> <!-- annotationOperation -->
  <testcase classname="TestCaseRepo.TC_001" name="annotationOperation" time="10.359">
    <skipped/>
  </testcase> <!-- annotationOperation -->
  <testcase classname="TestCaseRepo.TC_001" name="annotationOperation" time="15.186"/>
  <testcase classname="genaricUtility.BaseClass" name="@AfterSuite asConfig" time="0.0">
    <ignored/>
  </testcase> <!-- @AfterSuite asConfig -->
  <testcase classname="TestCaseRepo.TC_002" name="LE_002" time="0.0">
    <ignored/>
  </testcase> <!-- LE_002 -->
  <testcase classname="genaricUtility.BaseClass" name="@AfterSuite asConfig" time="0.0">
    <ignored/>
  </testcase> <!-- @AfterSuite asConfig -->
  <testcase classname="genaricUtility.BaseClass" name="@BeforeSuite bsConfig" time="0.0">
    <ignored/>
  </testcase> <!-- @BeforeSuite bsConfig -->
  <testcase classname="TestCaseRepo.TC_004" name="CON_001" time="0.0">
    <ignored/>
  </testcase> <!-- CON_001 -->
  <testcase classname="genaricUtility.BaseClass" name="@BeforeSuite bsConfig" time="0.0">
    <ignored/>
  </testcase> <!-- @BeforeSuite bsConfig -->
  <testcase classname="genaricUtility.BaseClass" name="@AfterSuite asConfig" time="0.0">
    <ignored/>
  </testcase> <!-- @AfterSuite asConfig -->
  <testcase classname="genaricUtility.BaseClass" name="@BeforeSuite bsConfig" time="0.0">
    <ignored/>
  </testcase> <!-- @BeforeSuite bsConfig -->
</testsuite> <!-- Test -->
