<?xml version="1.0" encoding="UTF-8"?>
<!-- Generated by org.testng.reporters.JUnitXMLReporter -->
<testsuite ignored="2" hostname="DESKTOP-P1FTC9P" failures="0" tests="2" name="Test3" time="173.202" errors="0" timestamp="2026-04-07T11:38:35 IST">
  <testcase classname="TestCaseRepo.TC_002" name="LE_002" time="68.334"/>
  <testcase classname="TestCaseRepo.TC_001" name="annotationOperation" time="33.504"/>
  <testcase classname="genaricUtility.BaseClass" name="@AfterSuite asConfig" time="0.0">
    <ignored/>
  </testcase> <!-- @AfterSuite asConfig -->
  <testcase classname="genaricUtility.BaseClass" name="@BeforeSuite bsConfig" time="0.0">
    <ignored/>
  </testcase> <!-- @BeforeSuite bsConfig -->
</testsuite> <!-- Test3 -->
