<?xml version="1.0" encoding="UTF-8"?>
<!-- Generated by org.testng.reporters.JUnitXMLReporter -->
<testsuite ignored="2" hostname="DESKTOP-P1FTC9P" failures="0" tests="2" name="Test3" time="106.488" errors="0" timestamp="2026-04-10T12:39:42 IST">
  <testcase classname="TestCaseRepo.TestC_002" name="LE_002" time="23.923"/>
  <testcase classname="TestCaseRepo.TestC_001" name="annotationOperation" time="24.783"/>
  <testcase classname="genaricUtility.BaseClass" name="@BeforeSuite bsConfig" time="0.0">
    <ignored/>
  </testcase> <!-- @BeforeSuite bsConfig -->
  <testcase classname="genaricUtility.BaseClass" name="@AfterSuite asConfig" time="0.0">
    <ignored/>
  </testcase> <!-- @AfterSuite asConfig -->
</testsuite> <!-- Test3 -->
