<?xml version="1.0" encoding="UTF-8"?>
<!-- Generated by org.testng.reporters.JUnitXMLReporter -->
<testsuite ignored="2" hostname="DESKTOP-P1FTC9P" failures="0" tests="2" name="Test1" time="104.206" errors="0" timestamp="2026-04-10T12:39:40 IST">
  <testcase classname="TestCaseRepo.TestC_002" name="LE_002" time="31.62"/>
  <testcase classname="TestCaseRepo.TestC_001" name="annotationOperation" time="32.737"/>
  <testcase classname="genaricUtility.BaseClass" name="@BeforeSuite bsConfig" time="0.0">
    <ignored/>
  </testcase> <!-- @BeforeSuite bsConfig -->
  <testcase classname="genaricUtility.BaseClass" name="@AfterSuite asConfig" time="0.0">
    <ignored/>
  </testcase> <!-- @AfterSuite asConfig -->
</testsuite> <!-- Test1 -->
