<?xml version="1.0" encoding="UTF-8"?>
<!-- Generated by org.testng.reporters.JUnitXMLReporter -->
<testsuite ignored="2" hostname="DESKTOP-P1FTC9P" failures="0" tests="2" name="Test2" time="104.357" errors="0" timestamp="2026-04-10T12:39:40 IST">
  <testcase classname="genaricUtility.BaseClass" name="@AfterMethod amConfig" time="0.459">
    <failure type="org.openqa.selenium.StaleElementReferenceException" message="The element with the reference 7233f319-3552-4f61-addc-8b17add03fa1 is stale; either its node document is not the active document, or it is no longer connected to the DOM
For documentation on this error, please visit: https://www.selenium.dev/documentation/webdriver/troubleshooting/errors#staleelementreferenceexception
Build info: version: &amp;apos;4.39.0&amp;apos;, revision: &amp;apos;126f156aee&amp;apos;
System info: os.name: &amp;apos;Windows 11&amp;apos;, os.arch: &amp;apos;amd64&amp;apos;, os.version: &amp;apos;10.0&amp;apos;, java.version: &amp;apos;25.0.1&amp;apos;
Driver info: org.openqa.selenium.firefox.FirefoxDriver
Command: [ecacd7b6-e65f-47aa-99f7-2a079ad61a34, actions {actions=[org.openqa.selenium.interactions.Sequence@1a4c8bf5]}]
Capabilities {acceptInsecureCerts: true, browserName: firefox, browserVersion: 149.0.2, moz:accessibilityChecks: false, moz:buildID: 20260403140140, moz:geckodriverVersion: 0.36.0, moz:headless: false, moz:platformVersion: 10.0, moz:processID: 4220, moz:profile: C:\Users\ADMIN\AppData\Loca..., moz:shutdownTimeout: 60000, moz:webdriverClick: true, moz:windowless: false, pageLoadStrategy: normal, platformName: windows, proxy: Proxy(), setWindowRect: true, strictFileInteractability: false, timeouts: {implicit: 0, pageLoad: 300000, script: 30000}, unhandledPromptBehavior: dismiss and notify, userAgent: Mozilla/5.0 (Windows NT 10....}
Session ID: ecacd7b6-e65f-47aa-99f7-2a079ad61a34">
      <![CDATA[org.openqa.selenium.StaleElementReferenceException: The element with the reference 7233f319-3552-4f61-addc-8b17add03fa1 is stale; either its node document is not the active document, or it is no longer connected to the DOM
For documentation on this error, please visit: https://www.selenium.dev/documentation/webdriver/troubleshooting/errors#staleelementreferenceexception
Build info: version: '4.39.0', revision: '126f156aee'
System info: os.name: 'Windows 11', os.arch: 'amd64', os.version: '10.0', java.version: '25.0.1'
Driver info: org.openqa.selenium.firefox.FirefoxDriver
Command: [ecacd7b6-e65f-47aa-99f7-2a079ad61a34, actions {actions=[org.openqa.selenium.interactions.Sequence@1a4c8bf5]}]
Capabilities {acceptInsecureCerts: true, browserName: firefox, browserVersion: 149.0.2, moz:accessibilityChecks: false, moz:buildID: 20260403140140, moz:geckodriverVersion: 0.36.0, moz:headless: false, moz:platformVersion: 10.0, moz:processID: 4220, moz:profile: C:\Users\ADMIN\AppData\Loca..., moz:shutdownTimeout: 60000, moz:webdriverClick: true, moz:windowless: false, pageLoadStrategy: normal, platformName: windows, proxy: Proxy(), setWindowRect: true, strictFileInteractability: false, timeouts: {implicit: 0, pageLoad: 300000, script: 30000}, unhandledPromptBehavior: dismiss and notify, userAgent: Mozilla/5.0 (Windows NT 10....}
Session ID: ecacd7b6-e65f-47aa-99f7-2a079ad61a34
at org.openqa.selenium.remote.ErrorCodec.decode(ErrorCodec.java:167)
at org.openqa.selenium.remote.codec.w3c.W3CHttpResponseCodec.decode(W3CHttpResponseCodec.java:142)
at org.openqa.selenium.remote.codec.w3c.W3CHttpResponseCodec.decode(W3CHttpResponseCodec.java:49)
at org.openqa.selenium.remote.HttpCommandExecutor.execute(HttpCommandExecutor.java:215)
at org.openqa.selenium.remote.service.DriverCommandExecutor.invokeExecute(DriverCommandExecutor.java:216)
at org.openqa.selenium.remote.service.DriverCommandExecutor.execute(DriverCommandExecutor.java:174)
at org.openqa.selenium.remote.RemoteWebDriver.execute(RemoteWebDriver.java:561)
at org.openqa.selenium.remote.RemoteWebDriver.perform(RemoteWebDriver.java:651)
at org.openqa.selenium.interactions.Actions$BuiltAction.perform(Actions.java:616)
at org.openqa.selenium.interactions.Actions.perform(Actions.java:581)
at genaricUtility.SeleniumUtility.mouseHovering(SeleniumUtility.java:85)
at pomClass.HomePage.signoutOperation(HomePage.java:68)
at genaricUtility.BaseClass.amConfig(BaseClass.java:71)
at java.base/java.util.ArrayList.forEach(ArrayList.java:1604)
at java.base/java.util.concurrent.FutureTask.run(FutureTask.java:328)
at java.base/java.util.concurrent.ThreadPoolExecutor.runWorker(ThreadPoolExecutor.java:1090)
at java.base/java.util.concurrent.ThreadPoolExecutor$Worker.run(ThreadPoolExecutor.java:614)
at java.base/java.lang.Thread.run(Thread.java:1474)
... Removed 23 stack frames]]>
    </failure>
  </testcase> <!-- @AfterMethod amConfig -->
  <testcase classname="TestCaseRepo.TestC_002" name="LE_002" time="30.14"/>
  <testcase classname="TestCaseRepo.TestC_001" name="annotationOperation" time="30.702"/>
  <testcase classname="genaricUtility.BaseClass" name="@BeforeSuite bsConfig" time="0.0">
    <ignored/>
  </testcase> <!-- @BeforeSuite bsConfig -->
  <testcase classname="genaricUtility.BaseClass" name="@AfterSuite asConfig" time="0.0">
    <ignored/>
  </testcase> <!-- @AfterSuite asConfig -->
</testsuite> <!-- Test2 -->
