<?xml version="1.0" encoding="UTF-8"?>
<testsuite xmlns:xsi="http://www.w3.org/2001/XMLSchema-instance" xsi:noNamespaceSchemaLocation="https://maven.apache.org/surefire/maven-surefire-plugin/xsd/surefire-test-report.xsd" version="3.0.2" name="TestSuite" time="107.535" tests="3" errors="0" skipped="0" failures="1" flakes="0">
  <properties>
[...]
</properties>
  <testcase name="LE_002" classname="TestCaseRepo.TestC_002" time="24.281">
    <system-out><![CDATA[Creating DB Connection
On  Start executed
On  Start executed
On  Start executed
Browser Launched Sucessfully
Browser Launched Sucessfully
Browser Launched Sucessfully
Login Done Sucessfully
LE_002--On Test Start executed
Login Done Sucessfully
LE_002--On Test Start executed
Login Done Sucessfully
LE_002--On Test Start executed
2026-04-10T07:08:35.122740700Z TestNG-tests-3 ERROR Log4j API could not find a logging provider.
]]></system-out>
    <system-err><![CDATA[SLF4J(W): No SLF4J providers were found.
SLF4J(W): Defaulting to no-operation (NOP) logger implementation
SLF4J(W): See https://www.slf4j.org/codes.html#noProviders for further details.
Apr 10, 2026 12:38:01 PM org.openqa.selenium.devtools.CdpVersionFinder findNearestMatch
WARNING: Unable to find an exact match for CDP version 146, returning the closest version; found: 143; Please update to a Selenium version that supports CDP version 146
Apr 10, 2026 12:38:01 PM org.openqa.selenium.devtools.CdpVersionFinder findNearestMatch
WARNING: Unable to find an exact match for CDP version 146, returning the closest version; found: 143; Please update to a Selenium version that supports CDP version 146
]]></system-err>
  </testcase>
  <testcase name="LE_002" classname="TestCaseRepo.TestC_002" time="25.248">
    <system-out><![CDATA[LE_002--On Test Success executed
]]></system-out>
  </testcase>
  <testcase name="LE_002" classname="TestCaseRepo.TestC_002" time="25.678">
    <system-out><![CDATA[LE_002--On Test Success executed
]]></system-out>
  </testcase>
  <testcase name="annotationOperation" classname="TestCaseRepo.TestC_001" time="20.487">
    <system-out><![CDATA[LE_002--On Test Success executed
Logout Done Sucessfully
Logout Done Sucessfully
Logout Done Sucessfully
Browser closed sucessfully
Browser closed sucessfully
Browser closed sucessfully
Browser Launched Sucessfully
Browser Launched Sucessfully
Login Done Sucessfully
annotationOperation--On Test Start executed
Login Done Sucessfully
annotationOperation--On Test Start executed
Browser Launched Sucessfully
Login Done Sucessfully
annotationOperation--On Test Start executed
]]></system-out>
    <system-err><![CDATA[Apr 10, 2026 12:38:51 PM org.openqa.selenium.devtools.CdpVersionFinder findNearestMatch
WARNING: Unable to find an exact match for CDP version 146, returning the closest version; found: 143; Please update to a Selenium version that supports CDP version 146
Apr 10, 2026 12:38:52 PM org.openqa.selenium.devtools.CdpVersionFinder findNearestMatch
WARNING: Unable to find an exact match for CDP version 146, returning the closest version; found: 143; Please update to a Selenium version that supports CDP version 146
]]></system-err>
  </testcase>
  <testcase name="annotationOperation" classname="TestCaseRepo.TestC_001" time="20.652">
    <system-out><![CDATA[annotationOperation--On Test Success executed
]]></system-out>
  </testcase>
  <testcase name="annotationOperation" classname="TestCaseRepo.TestC_001" time="24.763">
    <system-out><![CDATA[annotationOperation--On Test Success executed
Logout Done Sucessfully
Logout Done Sucessfully
]]></system-out>
  </testcase>
  <testcase name="amConfig" classname="TestCaseRepo.TestC_001" time="25.481">
    <failure message="The element with the reference 7233f319-3552-4f61-addc-8b17add03fa1 is stale; either its node document is not the active document, or it is no longer connected to the DOM&#10;For documentation on this error, please visit: https://www.selenium.dev/documentation/webdriver/troubleshooting/errors#staleelementreferenceexception&#10;Build info: version: &apos;4.39.0&apos;, revision: &apos;126f156aee&apos;&#10;System info: os.name: &apos;Windows 11&apos;, os.arch: &apos;amd64&apos;, os.version: &apos;10.0&apos;, java.version: &apos;25.0.1&apos;&#10;Driver info: org.openqa.selenium.firefox.FirefoxDriver&#10;Command: [ecacd7b6-e65f-47aa-99f7-2a079ad61a34, actions {actions=[org.openqa.selenium.interactions.Sequence@1a4c8bf5]}]&#10;Capabilities {acceptInsecureCerts: true, browserName: firefox, browserVersion: 149.0.2, moz:accessibilityChecks: false, moz:buildID: 20260403140140, moz:geckodriverVersion: 0.36.0, moz:headless: false, moz:platformVersion: 10.0, moz:processID: 4220, moz:profile: C:\Users\ADMIN\AppData\Loca..., moz:shutdownTimeout: 60000, moz:webdriverClick: true, moz:windowless: false, pageLoadStrategy: normal, platformName: windows, proxy: Proxy(), setWindowRect: true, strictFileInteractability: false, timeouts: {implicit: 0, pageLoad: 300000, script: 30000}, unhandledPromptBehavior: dismiss and notify, userAgent: Mozilla/5.0 (Windows NT 10....}&#10;Session ID: ecacd7b6-e65f-47aa-99f7-2a079ad61a34" type="org.openqa.selenium.StaleElementReferenceException"><![CDATA[org.openqa.selenium.StaleElementReferenceException: 
The element with the reference 7233f319-3552-4f61-addc-8b17add03fa1 is stale; either its node document is not the active document, or it is no longer connected to the DOM
For documentation on this error, please visit: https://www.selenium.dev/documentation/webdriver/troubleshooting/errors#staleelementreferenceexception
Build info: version: '4.39.0', revision: '126f156aee'
System info: os.name: 'Windows 11', os.arch: 'amd64', os.version: '10.0', java.version: '25.0.1'
Driver info: org.openqa.selenium.firefox.FirefoxDriver
Command: [ecacd7b6-e65f-47aa-99f7-2a079ad61a34, actions {actions=[org.openqa.selenium.interactions.Sequence@1a4c8bf5]}]
Capabilities {acceptInsecureCerts: true, browserName: firefox, browserVersion: 149.0.2, moz:accessibilityChecks: false, moz:buildID: 20260403140140, moz:geckodriverVersion: 0.36.0, moz:headless: false, moz:platformVersion: 10.0, moz:processID: 4220, moz:profile: C:\Users\ADMIN\AppData\Loca..., moz:shutdownTimeout: 60000, moz:webdriverClick: true, moz:windowless: false, pageLoadStrategy: normal, platformName: windows, proxy: Proxy(), setWindowRect: true, strictFileInteractability: false, timeouts: {implicit: 0, pageLoad: 300000, script: 30000}, unhandledPromptBehavior: dismiss and notify, userAgent: Mozilla/5.0 (Windows NT 10....}
Session ID: ecacd7b6-e65f-47aa-99f7-2a079ad61a34
	at java.base/jdk.internal.reflect.DirectConstructorHandleAccessor.newInstance(DirectConstructorHandleAccessor.java:62)
	at java.base/java.lang.reflect.Constructor.newInstanceWithCaller(Constructor.java:499)
	at java.base/java.lang.reflect.Constructor.newInstance(Constructor.java:483)
	at org.openqa.selenium.remote.ErrorCodec.decode(ErrorCodec.java:167)
	at org.openqa.selenium.remote.codec.w3c.W3CHttpResponseCodec.decode(W3CHttpResponseCodec.java:142)
	at org.openqa.selenium.remote.codec.w3c.W3CHttpResponseCodec.decode(W3CHttpResponseCodec.java:49)
	at org.openqa.selenium.remote.HttpCommandExecutor.execute(HttpCommandExecutor.java:215)
	at org.openqa.selenium.remote.service.DriverCommandExecutor.invokeExecute(DriverCommandExecutor.java:216)
	at org.openqa.selenium.remote.service.DriverCommandExecutor.execute(DriverCommandExecutor.java:174)
	at org.openqa.selenium.remote.RemoteWebDriver.execute(RemoteWebDriver.java:561)
	at org.openqa.selenium.remote.RemoteWebDriver.perform(RemoteWebDriver.java:651)
	at org.openqa.selenium.interactions.Actions$BuiltAction.perform(Actions.java:616)
	at org.openqa.selenium.interactions.Actions.perform(Actions.java:581)
	at genaricUtility.SeleniumUtility.mouseHovering(SeleniumUtility.java:85)
	at pomClass.HomePage.signoutOperation(HomePage.java:68)
	at genaricUtility.BaseClass.amConfig(BaseClass.java:71)
	at java.base/jdk.internal.reflect.DirectMethodHandleAccessor.invoke(DirectMethodHandleAccessor.java:104)
	at java.base/java.lang.reflect.Method.invoke(Method.java:565)
	at org.testng.internal.invokers.MethodInvocationHelper.invokeMethod(MethodInvocationHelper.java:141)
	at org.testng.internal.invokers.MethodInvocationHelper.invokeMethodConsideringTimeout(MethodInvocationHelper.java:71)
	at org.testng.internal.invokers.ConfigInvoker.invokeConfigurationMethod(ConfigInvoker.java:400)
	at org.testng.internal.invokers.ConfigInvoker.invokeConfigurations(ConfigInvoker.java:333)
	at org.testng.internal.invokers.TestInvoker.runConfigMethods(TestInvoker.java:846)
	at org.testng.internal.invokers.TestInvoker.runAfterConfigurations(TestInvoker.java:815)
	at org.testng.internal.invokers.TestInvoker.invokeMethod(TestInvoker.java:791)
	at org.testng.internal.invokers.TestInvoker.invokeTestMethod(TestInvoker.java:230)
	at org.testng.internal.invokers.MethodRunner.runInSequence(MethodRunner.java:63)
	at org.testng.internal.invokers.TestInvoker$MethodInvocationAgent.invoke(TestInvoker.java:1005)
	at org.testng.internal.invokers.TestInvoker.invokeTestMethods(TestInvoker.java:203)
	at org.testng.internal.invokers.TestMethodWorker.invokeTestMethods(TestMethodWorker.java:154)
	at org.testng.internal.invokers.TestMethodWorker.run(TestMethodWorker.java:134)
	at java.base/java.util.ArrayList.forEach(ArrayList.java:1604)
	at org.testng.TestRunner.privateRun(TestRunner.java:744)
	at org.testng.TestRunner.run(TestRunner.java:616)
	at org.testng.SuiteRunner.runTest(SuiteRunner.java:421)
	at org.testng.SuiteRunner$SuiteWorker.run(SuiteRunner.java:463)
	at org.testng.internal.thread.ThreadUtil.lambda$execute$0(ThreadUtil.java:64)
	at java.base/java.util.concurrent.FutureTask.run(FutureTask.java:328)
	at java.base/java.util.concurrent.ThreadPoolExecutor.runWorker(ThreadPoolExecutor.java:1090)
	at java.base/java.util.concurrent.ThreadPoolExecutor$Worker.run(ThreadPoolExecutor.java:614)
	at java.base/java.lang.Thread.run(Thread.java:1474)
]]></failure>
    <system-out><![CDATA[annotationOperation--On Test Success executed
]]></system-out>
  </testcase>
</testsuite>