<?xml version="1.0" encoding="UTF-8"?>
<testng-results ignored="0" total="6" passed="6" failed="0" skipped="0">
  <reporter-output>
  </reporter-output>
  <suite started-at="2026-04-10T12:37:55 IST" name="Suite" finished-at="2026-04-10T12:39:42 IST" duration-ms="106488">
    <groups>
      <group name="Regression">
        <method signature="TestC_001.annotationOperation()[pri:0, instance:TestCaseRepo.TestC_001@4386f16]" name="annotationOperation" class="TestCaseRepo.TestC_001"/>
        <method signature="TestC_001.annotationOperation()[pri:0, instance:TestCaseRepo.TestC_001@3f197a46]" name="annotationOperation" class="TestCaseRepo.TestC_001"/>
        <method signature="TestC_001.annotationOperation()[pri:0, instance:TestCaseRepo.TestC_001@1817d444]" name="annotationOperation" class="TestCaseRepo.TestC_001"/>
      </group> <!-- Regression -->
      <group name="Smoke">
        <method signature="TestC_002.LE_002()[pri:0, instance:TestCaseRepo.TestC_002@65466a6a]" name="LE_002" class="TestCaseRepo.TestC_002"/>
        <method signature="TestC_002.LE_002()[pri:0, instance:TestCaseRepo.TestC_002@5e82df6a]" name="LE_002" class="TestCaseRepo.TestC_002"/>
        <method signature="TestC_002.LE_002()[pri:0, instance:TestCaseRepo.TestC_002@50a638b5]" name="LE_002" class="TestCaseRepo.TestC_002"/>
      </group> <!-- Smoke -->
      <group name="System">
        <method signature="TestC_001.annotationOperation()[pri:0, instance:TestCaseRepo.TestC_001@4386f16]" name="annotationOperation" class="TestCaseRepo.TestC_001"/>
        <method signature="TestC_001.annotationOperation()[pri:0, instance:TestCaseRepo.TestC_001@3f197a46]" name="annotationOperation" class="TestCaseRepo.TestC_001"/>
        <method signature="TestC_001.annotationOperation()[pri:0, instance:TestCaseRepo.TestC_001@1817d444]" name="annotationOperation" class="TestCaseRepo.TestC_001"/>
      </group> <!-- System -->
    </groups>
    <test started-at="2026-04-10T12:37:55 IST" name="Test1" finished-at="2026-04-10T12:39:40 IST" duration-ms="104206">
      <class name="TestCaseRepo.TestC_002">
        <test-method is-config="true" signature="bcConfig(java.lang.String)[pri:0, instance:TestCaseRepo.TestC_002@65466a6a]" started-at="2026-04-10T12:37:56 IST" name="bcConfig" finished-at="2026-04-10T12:38:04 IST" duration-ms="7969" status="PASS">
          <params>
            <param index="0">
              <value>
                <![CDATA[chrome]]>
              </value>
            </param>
          </params>
          <reporter-output>
          </reporter-output>
        </test-method> <!-- bcConfig -->
        <test-method is-config="true" signature="bmConfig()[pri:0, instance:TestCaseRepo.TestC_002@65466a6a]" started-at="2026-04-10T12:38:04 IST" name="bmConfig" finished-at="2026-04-10T12:38:13 IST" duration-ms="9292" status="PASS">
          <reporter-output>
          </reporter-output>
        </test-method> <!-- bmConfig -->
        <test-method signature="LE_002()[pri:0, instance:TestCaseRepo.TestC_002@65466a6a]" started-at="2026-04-10T12:38:13 IST" name="LE_002" finished-at="2026-04-10T12:38:45 IST" duration-ms="31620" status="PASS">
          <reporter-output>
          </reporter-output>
        </test-method> <!-- LE_002 -->
        <test-method is-config="true" signature="amConfig()[pri:0, instance:TestCaseRepo.TestC_002@65466a6a]" started-at="2026-04-10T12:38:45 IST" name="amConfig" finished-at="2026-04-10T12:38:47 IST" duration-ms="2858" status="PASS">
          <reporter-output>
          </reporter-output>
        </test-method> <!-- amConfig -->
        <test-method is-config="true" signature="acConfig()[pri:0, instance:TestCaseRepo.TestC_002@65466a6a]" started-at="2026-04-10T12:38:47 IST" name="acConfig" finished-at="2026-04-10T12:38:48 IST" duration-ms="570" status="PASS">
          <reporter-output>
          </reporter-output>
        </test-method> <!-- acConfig -->
      </class> <!-- TestCaseRepo.TestC_002 -->
      <class name="TestCaseRepo.TestC_001">
        <test-method is-config="true" signature="bcConfig(java.lang.String)[pri:0, instance:TestCaseRepo.TestC_001@4386f16]" started-at="2026-04-10T12:38:48 IST" name="bcConfig" finished-at="2026-04-10T12:38:53 IST" duration-ms="5154" status="PASS">
          <params>
            <param index="0">
              <value>
                <![CDATA[chrome]]>
              </value>
            </param>
          </params>
          <reporter-output>
          </reporter-output>
        </test-method> <!-- bcConfig -->
        <test-method is-config="true" signature="bmConfig()[pri:0, instance:TestCaseRepo.TestC_001@4386f16]" started-at="2026-04-10T12:38:53 IST" name="bmConfig" finished-at="2026-04-10T12:39:02 IST" duration-ms="8498" status="PASS">
          <reporter-output>
          </reporter-output>
        </test-method> <!-- bmConfig -->
        <test-method signature="annotationOperation()[pri:0, instance:TestCaseRepo.TestC_001@4386f16]" started-at="2026-04-10T12:39:02 IST" name="annotationOperation" finished-at="2026-04-10T12:39:34 IST" duration-ms="32737" status="PASS">
          <reporter-output>
          </reporter-output>
        </test-method> <!-- annotationOperation -->
        <test-method is-config="true" signature="amConfig()[pri:0, instance:TestCaseRepo.TestC_001@4386f16]" started-at="2026-04-10T12:39:34 IST" name="amConfig" finished-at="2026-04-10T12:39:38 IST" duration-ms="3341" status="PASS">
          <reporter-output>
          </reporter-output>
        </test-method> <!-- amConfig -->
        <test-method is-config="true" signature="acConfig()[pri:0, instance:TestCaseRepo.TestC_001@4386f16]" started-at="2026-04-10T12:39:38 IST" name="acConfig" finished-at="2026-04-10T12:39:40 IST" duration-ms="1785" status="PASS">
          <reporter-output>
          </reporter-output>
        </test-method> <!-- acConfig -->
      </class> <!-- TestCaseRepo.TestC_001 -->
    </test> <!-- Test1 -->
    <test started-at="2026-04-10T12:37:55 IST" name="Test2" finished-at="2026-04-10T12:39:40 IST" duration-ms="104357">
      <class name="TestCaseRepo.TestC_002">
        <test-method is-config="true" signature="bcConfig(java.lang.String)[pri:0, instance:TestCaseRepo.TestC_002@5e82df6a]" started-at="2026-04-10T12:37:56 IST" name="bcConfig" finished-at="2026-04-10T12:38:04 IST" duration-ms="7870" status="PASS">
          <params>
            <param index="0">
              <value>
                <![CDATA[edge]]>
              </value>
            </param>
          </params>
          <reporter-output>
          </reporter-output>
        </test-method> <!-- bcConfig -->
        <test-method is-config="true" signature="bmConfig()[pri:0, instance:TestCaseRepo.TestC_002@5e82df6a]" started-at="2026-04-10T12:38:04 IST" name="bmConfig" finished-at="2026-04-10T12:38:15 IST" duration-ms="11261" status="PASS">
          <reporter-output>
          </reporter-output>
        </test-method> <!-- bmConfig -->
        <test-method signature="LE_002()[pri:0, instance:TestCaseRepo.TestC_002@5e82df6a]" started-at="2026-04-10T12:38:15 IST" name="LE_002" finished-at="2026-04-10T12:38:45 IST" duration-ms="30140" status="PASS">
          <reporter-output>
          </reporter-output>
        </test-method> <!-- LE_002 -->
        <test-method is-config="true" signature="amConfig()[pri:0, instance:TestCaseRepo.TestC_002@5e82df6a]" started-at="2026-04-10T12:38:45 IST" name="amConfig" finished-at="2026-04-10T12:38:48 IST" duration-ms="2994" status="PASS">
          <reporter-output>
          </reporter-output>
        </test-method> <!-- amConfig -->
        <test-method is-config="true" signature="acConfig()[pri:0, instance:TestCaseRepo.TestC_002@5e82df6a]" started-at="2026-04-10T12:38:48 IST" name="acConfig" finished-at="2026-04-10T12:38:49 IST" duration-ms="1292" status="PASS">
          <reporter-output>
          </reporter-output>
        </test-method> <!-- acConfig -->
      </class> <!-- TestCaseRepo.TestC_002 -->
      <class name="TestCaseRepo.TestC_001">
        <test-method is-config="true" signature="bcConfig(java.lang.String)[pri:0, instance:TestCaseRepo.TestC_001@3f197a46]" started-at="2026-04-10T12:38:49 IST" name="bcConfig" finished-at="2026-04-10T12:38:54 IST" duration-ms="4510" status="PASS">
          <params>
            <param index="0">
              <value>
                <![CDATA[edge]]>
              </value>
            </param>
          </params>
          <reporter-output>
          </reporter-output>
        </test-method> <!-- bcConfig -->
        <test-method is-config="true" signature="bmConfig()[pri:0, instance:TestCaseRepo.TestC_001@3f197a46]" started-at="2026-04-10T12:38:54 IST" name="bmConfig" finished-at="2026-04-10T12:39:04 IST" duration-ms="9792" status="PASS">
          <reporter-output>
          </reporter-output>
        </test-method> <!-- bmConfig -->
        <test-method signature="annotationOperation()[pri:0, instance:TestCaseRepo.TestC_001@3f197a46]" started-at="2026-04-10T12:39:04 IST" name="annotationOperation" finished-at="2026-04-10T12:39:34 IST" duration-ms="30702" status="PASS">
          <reporter-output>
          </reporter-output>
        </test-method> <!-- annotationOperation -->
        <test-method is-config="true" signature="amConfig()[pri:0, instance:TestCaseRepo.TestC_001@3f197a46]" started-at="2026-04-10T12:39:34 IST" name="amConfig" finished-at="2026-04-10T12:39:38 IST" duration-ms="3522" status="PASS">
          <reporter-output>
          </reporter-output>
        </test-method> <!-- amConfig -->
        <test-method is-config="true" signature="acConfig()[pri:0, instance:TestCaseRepo.TestC_001@3f197a46]" started-at="2026-04-10T12:39:38 IST" name="acConfig" finished-at="2026-04-10T12:39:40 IST" duration-ms="1856" status="PASS">
          <reporter-output>
          </reporter-output>
        </test-method> <!-- acConfig -->
      </class> <!-- TestCaseRepo.TestC_001 -->
    </test> <!-- Test2 -->
    <test started-at="2026-04-10T12:37:55 IST" name="Test3" finished-at="2026-04-10T12:39:42 IST" duration-ms="106488">
      <class name="TestCaseRepo.TestC_002">
        <test-method is-config="true" signature="bsConfig()[pri:0, instance:TestCaseRepo.TestC_002@50a638b5]" started-at="2026-04-10T12:37:55 IST" name="bsConfig" finished-at="2026-04-10T12:37:55 IST" duration-ms="15" status="PASS">
          <reporter-output>
          </reporter-output>
        </test-method> <!-- bsConfig -->
        <test-method is-config="true" signature="bcConfig(java.lang.String)[pri:0, instance:TestCaseRepo.TestC_002@50a638b5]" started-at="2026-04-10T12:37:56 IST" name="bcConfig" finished-at="2026-04-10T12:38:13 IST" duration-ms="17251" status="PASS">
          <params>
            <param index="0">
              <value>
                <![CDATA[firefox]]>
              </value>
            </param>
          </params>
          <reporter-output>
          </reporter-output>
        </test-method> <!-- bcConfig -->
        <test-method is-config="true" signature="bmConfig()[pri:0, instance:TestCaseRepo.TestC_002@50a638b5]" started-at="2026-04-10T12:38:13 IST" name="bmConfig" finished-at="2026-04-10T12:38:19 IST" duration-ms="6391" status="PASS">
          <reporter-output>
          </reporter-output>
        </test-method> <!-- bmConfig -->
        <test-method signature="LE_002()[pri:0, instance:TestCaseRepo.TestC_002@50a638b5]" started-at="2026-04-10T12:38:19 IST" name="LE_002" finished-at="2026-04-10T12:38:43 IST" duration-ms="23923" status="PASS">
          <reporter-output>
          </reporter-output>
        </test-method> <!-- LE_002 -->
        <test-method is-config="true" signature="amConfig()[pri:0, instance:TestCaseRepo.TestC_002@50a638b5]" started-at="2026-04-10T12:38:43 IST" name="amConfig" finished-at="2026-04-10T12:38:47 IST" duration-ms="3294" status="PASS">
          <reporter-output>
          </reporter-output>
        </test-method> <!-- amConfig -->
        <test-method is-config="true" signature="acConfig()[pri:0, instance:TestCaseRepo.TestC_002@50a638b5]" started-at="2026-04-10T12:38:47 IST" name="acConfig" finished-at="2026-04-10T12:38:50 IST" duration-ms="3636" status="PASS">
          <reporter-output>
          </reporter-output>
        </test-method> <!-- acConfig -->
        <test-method is-config="true" signature="asConfig()[pri:0, instance:TestCaseRepo.TestC_002@50a638b5]" started-at="2026-04-10T12:39:42 IST" name="asConfig" finished-at="2026-04-10T12:39:42 IST" duration-ms="2" status="PASS">
          <reporter-output>
          </reporter-output>
        </test-method> <!-- asConfig -->
      </class> <!-- TestCaseRepo.TestC_002 -->
      <class name="TestCaseRepo.TestC_001">
        <test-method is-config="true" signature="bcConfig(java.lang.String)[pri:0, instance:TestCaseRepo.TestC_001@1817d444]" started-at="2026-04-10T12:38:50 IST" name="bcConfig" finished-at="2026-04-10T12:39:07 IST" duration-ms="16975" status="PASS">
          <params>
            <param index="0">
              <value>
                <![CDATA[firefox]]>
              </value>
            </param>
          </params>
          <reporter-output>
          </reporter-output>
        </test-method> <!-- bcConfig -->
        <test-method is-config="true" signature="bmConfig()[pri:0, instance:TestCaseRepo.TestC_001@1817d444]" started-at="2026-04-10T12:39:07 IST" name="bmConfig" finished-at="2026-04-10T12:39:14 IST" duration-ms="6362" status="PASS">
          <reporter-output>
          </reporter-output>
        </test-method> <!-- bmConfig -->
        <test-method signature="annotationOperation()[pri:0, instance:TestCaseRepo.TestC_001@1817d444]" started-at="2026-04-10T12:39:14 IST" name="annotationOperation" finished-at="2026-04-10T12:39:39 IST" duration-ms="24783" status="PASS">
          <reporter-output>
          </reporter-output>
        </test-method> <!-- annotationOperation -->
        <test-method is-config="true" signature="amConfig()[pri:0, instance:TestCaseRepo.TestC_001@1817d444]" started-at="2026-04-10T12:39:39 IST" name="amConfig" finished-at="2026-04-10T12:39:39 IST" duration-ms="459" status="FAIL">
          <exception class="org.openqa.selenium.StaleElementReferenceException">
            <message>
              <![CDATA[The element with the reference 7233f319-3552-4f61-addc-8b17add03fa1 is stale; either its node document is not the active document, or it is no longer connected to the DOM
For documentation on this error, please visit: https://www.selenium.dev/documentation/webdriver/troubleshooting/errors#staleelementreferenceexception
Build info: version: '4.39.0', revision: '126f156aee'
System info: os.name: 'Windows 11', os.arch: 'amd64', os.version: '10.0', java.version: '25.0.1'
Driver info: org.openqa.selenium.firefox.FirefoxDriver
Command: [ecacd7b6-e65f-47aa-99f7-2a079ad61a34, actions {actions=[org.openqa.selenium.interactions.Sequence@1a4c8bf5]}]
Capabilities {acceptInsecureCerts: true, browserName: firefox, browserVersion: 149.0.2, moz:accessibilityChecks: false, moz:buildID: 20260403140140, moz:geckodriverVersion: 0.36.0, moz:headless: false, moz:platformVersion: 10.0, moz:processID: 4220, moz:profile: C:\Users\ADMIN\AppData\Loca..., moz:shutdownTimeout: 60000, moz:webdriverClick: true, moz:windowless: false, pageLoadStrategy: normal, platformName: windows, proxy: Proxy(), setWindowRect: true, strictFileInteractability: false, timeouts: {implicit: 0, pageLoad: 300000, script: 30000}, unhandledPromptBehavior: dismiss and notify, userAgent: Mozilla/5.0 (Windows NT 10....}
Session ID: ecacd7b6-e65f-47aa-99f7-2a079ad61a34]]>
            </message>
            <full-stacktrace>
              <![CDATA[org.openqa.selenium.StaleElementReferenceException: The element with the reference 7233f319-3552-4f61-addc-8b17add03fa1 is stale; either its node document is not the active document, or it is no longer connected to the DOM
For documentation on this error, please visit: https://www.selenium.dev/documentation/webdriver/troubleshooting/errors#staleelementreferenceexception
Build info: version: '4.39.0', revision: '126f156aee'
System info: os.name: 'Windows 11', os.arch: 'amd64', os.version: '10.0', java.version: '25.0.1'
Driver info: org.openqa.selenium.firefox.FirefoxDriver
Command: [ecacd7b6-e65f-47aa-99f7-2a079ad61a34, actions {actions=[org.openqa.selenium.interactions.Sequence@1a4c8bf5]}]
Capabilities {acceptInsecureCerts: true, browserName: firefox, browserVersion: 149.0.2, moz:accessibilityChecks: false, moz:buildID: 20260403140140, moz:geckodriverVersion: 0.36.0, moz:headless: false, moz:platformVersion: 10.0, moz:processID: 4220, moz:profile: C:\Users\ADMIN\AppData\Loca..., moz:shutdownTimeout: 60000, moz:webdriverClick: true, moz:windowless: false, pageLoadStrategy: normal, platformName: windows, proxy: Proxy(), setWindowRect: true, strictFileInteractability: false, timeouts: {implicit: 0, pageLoad: 300000, script: 30000}, unhandledPromptBehavior: dismiss and notify, userAgent: Mozilla/5.0 (Windows NT 10....}
Session ID: ecacd7b6-e65f-47aa-99f7-2a079ad61a34
at java.base/jdk.internal.reflect.DirectConstructorHandleAccessor.newInstance(DirectConstructorHandleAccessor.java:62)
at java.base/java.lang.reflect.Constructor.newInstanceWithCaller(Constructor.java:499)
at java.base/java.lang.reflect.Constructor.newInstance(Constructor.java:483)
at org.openqa.selenium.remote.ErrorCodec.decode(ErrorCodec.java:167)
at org.openqa.selenium.remote.codec.w3c.W3CHttpResponseCodec.decode(W3CHttpResponseCodec.java:142)
at org.openqa.selenium.remote.codec.w3c.W3CHttpResponseCodec.decode(W3CHttpResponseCodec.java:49)
at org.openqa.selenium.remote.HttpCommandExecutor.execute(HttpCommandExecutor.java:215)
at org.openqa.selenium.remote.service.DriverCommandExecutor.invokeExecute(DriverCommandExecutor.java:216)
at org.openqa.selenium.remote.service.DriverCommandExecutor.execute(DriverCommandExecutor.java:174)
at org.openqa.selenium.remote.RemoteWebDriver.execute(RemoteWebDriver.java:561)
at org.openqa.selenium.remote.RemoteWebDriver.perform(RemoteWebDriver.java:651)
at org.openqa.selenium.interactions.Actions$BuiltAction.perform(Actions.java:616)
at org.openqa.selenium.interactions.Actions.perform(Actions.java:581)
at genaricUtility.SeleniumUtility.mouseHovering(SeleniumUtility.java:85)
at pomClass.HomePage.signoutOperation(HomePage.java:68)
at genaricUtility.BaseClass.amConfig(BaseClass.java:71)
at java.base/jdk.internal.reflect.DirectMethodHandleAccessor.invoke(DirectMethodHandleAccessor.java:104)
at java.base/java.lang.reflect.Method.invoke(Method.java:565)
at org.testng.internal.invokers.MethodInvocationHelper.invokeMethod(MethodInvocationHelper.java:141)
at org.testng.internal.invokers.MethodInvocationHelper.invokeMethodConsideringTimeout(MethodInvocationHelper.java:71)
at org.testng.internal.invokers.ConfigInvoker.invokeConfigurationMethod(ConfigInvoker.java:400)
at org.testng.internal.invokers.ConfigInvoker.invokeConfigurations(ConfigInvoker.java:333)
at org.testng.internal.invokers.TestInvoker.runConfigMethods(TestInvoker.java:846)
at org.testng.internal.invokers.TestInvoker.runAfterConfigurations(TestInvoker.java:815)
at org.testng.internal.invokers.TestInvoker.invokeMethod(TestInvoker.java:791)
at org.testng.internal.invokers.TestInvoker.invokeTestMethod(TestInvoker.java:230)
at org.testng.internal.invokers.MethodRunner.runInSequence(MethodRunner.java:63)
at org.testng.internal.invokers.TestInvoker$MethodInvocationAgent.invoke(TestInvoker.java:1005)
at org.testng.internal.invokers.TestInvoker.invokeTestMethods(TestInvoker.java:203)
at org.testng.internal.invokers.TestMethodWorker.invokeTestMethods(TestMethodWorker.java:154)
at org.testng.internal.invokers.TestMethodWorker.run(TestMethodWorker.java:134)
at java.base/java.util.ArrayList.forEach(ArrayList.java:1604)
at org.testng.TestRunner.privateRun(TestRunner.java:744)
at org.testng.TestRunner.run(TestRunner.java:616)
at org.testng.SuiteRunner.runTest(SuiteRunner.java:421)
at org.testng.SuiteRunner$SuiteWorker.run(SuiteRunner.java:463)
at org.testng.internal.thread.ThreadUtil.lambda$execute$0(ThreadUtil.java:64)
at java.base/java.util.concurrent.FutureTask.run(FutureTask.java:328)
at java.base/java.util.concurrent.ThreadPoolExecutor.runWorker(ThreadPoolExecutor.java:1090)
at java.base/java.util.concurrent.ThreadPoolExecutor$Worker.run(ThreadPoolExecutor.java:614)
at java.base/java.lang.Thread.run(Thread.java:1474)
]]>
            </full-stacktrace>
          </exception> <!-- org.openqa.selenium.StaleElementReferenceException -->
          <reporter-output>
          </reporter-output>
        </test-method> <!-- amConfig -->
        <test-method is-config="true" signature="acConfig()[pri:0, instance:TestCaseRepo.TestC_001@1817d444]" started-at="2026-04-10T12:39:39 IST" name="acConfig" finished-at="2026-04-10T12:39:42 IST" duration-ms="2713" status="PASS">
          <reporter-output>
          </reporter-output>
        </test-method> <!-- acConfig -->
      </class> <!-- TestCaseRepo.TestC_001 -->
    </test> <!-- Test3 -->
  </suite> <!-- Suite -->
</testng-results>
