<?xml version="1.0" encoding="UTF-8"?>
<testng-results retried="3" ignored="2" total="7" passed="2" failed="0" skipped="0">
  <reporter-output>
  </reporter-output>
  <suite started-at="2026-04-09T17:26:59 IST" name="Suite" finished-at="2026-04-09T17:29:53 IST" duration-ms="174067">
    <groups>
      <group name="Regression">
        <method signature="TC_001.annotationOperation()[pri:0, instance:TestCaseRepo.TC_001@26794848]" name="annotationOperation" class="TestCaseRepo.TC_001"/>
        <method signature="TC_003.LE_003()[pri:0, instance:TestCaseRepo.TC_003@4e08711f]" name="LE_003" class="TestCaseRepo.TC_003"/>
      </group> <!-- Regression -->
      <group name="Smoke">
        <method signature="TC_003.LE_003()[pri:0, instance:TestCaseRepo.TC_003@4e08711f]" name="LE_003" class="TestCaseRepo.TC_003"/>
      </group> <!-- Smoke -->
      <group name="System">
        <method signature="TC_001.annotationOperation()[pri:0, instance:TestCaseRepo.TC_001@26794848]" name="annotationOperation" class="TestCaseRepo.TC_001"/>
      </group> <!-- System -->
    </groups>
    <test started-at="2026-04-09T17:26:59 IST" name="Test" finished-at="2026-04-09T17:29:53 IST" duration-ms="174067">
      <class name="TestCaseRepo.TC_003">
        <test-method is-config="true" signature="bcConfig(java.lang.String)[pri:0, instance:TestCaseRepo.TC_003@4e08711f]" started-at="2026-04-09T17:26:59 IST" name="bcConfig" finished-at="2026-04-09T17:27:18 IST" duration-ms="18300" status="PASS">
          <params>
            <param index="0">
              <value>
                <![CDATA[chrome]]>
              </value>
            </param>
          </params>
          <reporter-output>
          </reporter-output>
        </test-method> <!-- bcConfig -->
        <test-method is-config="true" signature="bmConfig()[pri:0, instance:TestCaseRepo.TC_003@4e08711f]" started-at="2026-04-09T17:27:18 IST" name="bmConfig" finished-at="2026-04-09T17:27:36 IST" duration-ms="18284" status="PASS">
          <reporter-output>
          </reporter-output>
        </test-method> <!-- bmConfig -->
        <test-method signature="LE_003()[pri:0, instance:TestCaseRepo.TC_003@4e08711f]" started-at="2026-04-09T17:27:36 IST" name="LE_003" finished-at="2026-04-09T17:28:33 IST" duration-ms="57078" status="PASS">
          <reporter-output>
          </reporter-output>
        </test-method> <!-- LE_003 -->
        <test-method is-config="true" signature="amConfig()[pri:0, instance:TestCaseRepo.TC_003@4e08711f]" started-at="2026-04-09T17:28:33 IST" name="amConfig" finished-at="2026-04-09T17:28:37 IST" duration-ms="3840" status="PASS">
          <reporter-output>
          </reporter-output>
        </test-method> <!-- amConfig -->
        <test-method is-config="true" signature="acConfig()[pri:0, instance:TestCaseRepo.TC_003@4e08711f]" started-at="2026-04-09T17:28:37 IST" name="acConfig" finished-at="2026-04-09T17:28:37 IST" duration-ms="378" status="PASS">
          <reporter-output>
          </reporter-output>
        </test-method> <!-- acConfig -->
      </class> <!-- TestCaseRepo.TC_003 -->
      <class name="TestCaseRepo.TC_004">
        <test-method is-config="true" signature="bsConfig()[pri:0, instance:TestCaseRepo.TC_004@7c6908d7]" started-at="2026-04-09T17:26:59 IST" name="bsConfig" finished-at="2026-04-09T17:26:59 IST" duration-ms="16" status="PASS">
          <reporter-output>
          </reporter-output>
        </test-method> <!-- bsConfig -->
        <test-method is-config="true" signature="asConfig()[pri:0, instance:TestCaseRepo.TC_004@7c6908d7]" started-at="2026-04-09T17:29:53 IST" name="asConfig" finished-at="2026-04-09T17:29:53 IST" duration-ms="1" status="PASS">
          <reporter-output>
          </reporter-output>
        </test-method> <!-- asConfig -->
      </class> <!-- TestCaseRepo.TC_004 -->
      <class name="TestCaseRepo.TC_001">
        <test-method is-config="true" signature="bcConfig(java.lang.String)[pri:0, instance:TestCaseRepo.TC_001@26794848]" started-at="2026-04-09T17:28:37 IST" name="bcConfig" finished-at="2026-04-09T17:28:40 IST" duration-ms="2604" status="PASS">
          <params>
            <param index="0">
              <value>
                <![CDATA[chrome]]>
              </value>
            </param>
          </params>
          <reporter-output>
          </reporter-output>
        </test-method> <!-- bcConfig -->
        <test-method is-config="true" signature="bmConfig()[pri:0, instance:TestCaseRepo.TC_001@26794848]" started-at="2026-04-09T17:28:40 IST" name="bmConfig" finished-at="2026-04-09T17:28:44 IST" duration-ms="4196" status="PASS">
          <reporter-output>
          </reporter-output>
        </test-method> <!-- bmConfig -->
        <test-method retried="true" signature="annotationOperation()[pri:0, instance:TestCaseRepo.TC_001@26794848]" started-at="2026-04-09T17:28:44 IST" name="annotationOperation" finished-at="2026-04-09T17:28:55 IST" duration-ms="11051" status="SKIP">
          <exception class="java.lang.AssertionError">
            <message>
              <![CDATA[null]]>
            </message>
            <full-stacktrace>
              <![CDATA[java.lang.AssertionError: null
at org.testng.Assert.fail(Assert.java:111)
at org.testng.Assert.fail(Assert.java:116)
at TestCaseRepo.TC_001.annotationOperation(TC_001.java:29)
at java.base/jdk.internal.reflect.DirectMethodHandleAccessor.invoke(DirectMethodHandleAccessor.java:103)
at java.base/java.lang.reflect.Method.invoke(Method.java:580)
at org.testng.internal.invokers.MethodInvocationHelper.invokeMethod(MethodInvocationHelper.java:141)
at org.testng.internal.invokers.TestInvoker.invokeMethod(TestInvoker.java:697)
at org.testng.internal.invokers.TestInvoker.invokeTestMethod(TestInvoker.java:230)
at org.testng.internal.invokers.MethodRunner.runInSequence(MethodRunner.java:63)
at org.testng.internal.invokers.TestInvoker$MethodInvocationAgent.invoke(TestInvoker.java:1005)
at org.testng.internal.invokers.TestInvoker.invokeTestMethods(TestInvoker.java:203)
at org.testng.internal.invokers.TestMethodWorker.invokeTestMethods(TestMethodWorker.java:154)
at org.testng.internal.invokers.TestMethodWorker.run(TestMethodWorker.java:134)
at java.base/java.util.ArrayList.forEach(ArrayList.java:1596)
at org.testng.TestRunner.privateRun(TestRunner.java:744)
at org.testng.TestRunner.run(TestRunner.java:616)
at org.testng.SuiteRunner.runTest(SuiteRunner.java:421)
at org.testng.SuiteRunner.runSequentially(SuiteRunner.java:413)
at org.testng.SuiteRunner.privateRun(SuiteRunner.java:373)
at org.testng.SuiteRunner.run(SuiteRunner.java:312)
at org.testng.SuiteRunnerWorker.runSuite(SuiteRunnerWorker.java:52)
at org.testng.SuiteRunnerWorker.run(SuiteRunnerWorker.java:95)
at org.testng.TestNG.runSuitesSequentially(TestNG.java:1274)
at org.testng.TestNG.runSuitesLocally(TestNG.java:1208)
at org.testng.TestNG.runSuites(TestNG.java:1112)
at org.testng.TestNG.run(TestNG.java:1079)
at org.testng.remote.AbstractRemoteTestNG.run(AbstractRemoteTestNG.java:115)
at org.testng.remote.RemoteTestNG.initAndRun(RemoteTestNG.java:293)
at org.testng.remote.RemoteTestNG.main(RemoteTestNG.java:91)
]]>
            </full-stacktrace>
          </exception> <!-- java.lang.AssertionError -->
          <reporter-output>
          </reporter-output>
        </test-method> <!-- annotationOperation -->
        <test-method is-config="true" signature="amConfig()[pri:0, instance:TestCaseRepo.TC_001@26794848]" started-at="2026-04-09T17:28:55 IST" name="amConfig" finished-at="2026-04-09T17:28:57 IST" duration-ms="2418" status="PASS">
          <reporter-output>
          </reporter-output>
        </test-method> <!-- amConfig -->
        <test-method is-config="true" signature="bmConfig()[pri:0, instance:TestCaseRepo.TC_001@26794848]" started-at="2026-04-09T17:28:57 IST" name="bmConfig" finished-at="2026-04-09T17:28:58 IST" duration-ms="457" status="PASS">
          <reporter-output>
          </reporter-output>
        </test-method> <!-- bmConfig -->
        <test-method retried="true" signature="annotationOperation()[pri:0, instance:TestCaseRepo.TC_001@26794848]" started-at="2026-04-09T17:28:58 IST" name="annotationOperation" finished-at="2026-04-09T17:29:12 IST" duration-ms="14439" status="SKIP">
          <exception class="java.lang.AssertionError">
            <message>
              <![CDATA[null]]>
            </message>
            <full-stacktrace>
              <![CDATA[java.lang.AssertionError: null
at org.testng.Assert.fail(Assert.java:111)
at org.testng.Assert.fail(Assert.java:116)
at TestCaseRepo.TC_001.annotationOperation(TC_001.java:29)
at java.base/jdk.internal.reflect.DirectMethodHandleAccessor.invoke(DirectMethodHandleAccessor.java:103)
at java.base/java.lang.reflect.Method.invoke(Method.java:580)
at org.testng.internal.invokers.MethodInvocationHelper.invokeMethod(MethodInvocationHelper.java:141)
at org.testng.internal.invokers.TestInvoker.invokeMethod(TestInvoker.java:697)
at org.testng.internal.invokers.TestInvoker.retryFailed(TestInvoker.java:280)
at org.testng.internal.invokers.MethodRunner.runInSequence(MethodRunner.java:76)
at org.testng.internal.invokers.TestInvoker$MethodInvocationAgent.invoke(TestInvoker.java:1005)
at org.testng.internal.invokers.TestInvoker.invokeTestMethods(TestInvoker.java:203)
at org.testng.internal.invokers.TestMethodWorker.invokeTestMethods(TestMethodWorker.java:154)
at org.testng.internal.invokers.TestMethodWorker.run(TestMethodWorker.java:134)
at java.base/java.util.ArrayList.forEach(ArrayList.java:1596)
at org.testng.TestRunner.privateRun(TestRunner.java:744)
at org.testng.TestRunner.run(TestRunner.java:616)
at org.testng.SuiteRunner.runTest(SuiteRunner.java:421)
at org.testng.SuiteRunner.runSequentially(SuiteRunner.java:413)
at org.testng.SuiteRunner.privateRun(SuiteRunner.java:373)
at org.testng.SuiteRunner.run(SuiteRunner.java:312)
at org.testng.SuiteRunnerWorker.runSuite(SuiteRunnerWorker.java:52)
at org.testng.SuiteRunnerWorker.run(SuiteRunnerWorker.java:95)
at org.testng.TestNG.runSuitesSequentially(TestNG.java:1274)
at org.testng.TestNG.runSuitesLocally(TestNG.java:1208)
at org.testng.TestNG.runSuites(TestNG.java:1112)
at org.testng.TestNG.run(TestNG.java:1079)
at org.testng.remote.AbstractRemoteTestNG.run(AbstractRemoteTestNG.java:115)
at org.testng.remote.RemoteTestNG.initAndRun(RemoteTestNG.java:293)
at org.testng.remote.RemoteTestNG.main(RemoteTestNG.java:91)
]]>
            </full-stacktrace>
          </exception> <!-- java.lang.AssertionError -->
          <reporter-output>
          </reporter-output>
        </test-method> <!-- annotationOperation -->
        <test-method is-config="true" signature="amConfig()[pri:0, instance:TestCaseRepo.TC_001@26794848]" started-at="2026-04-09T17:29:12 IST" name="amConfig" finished-at="2026-04-09T17:29:15 IST" duration-ms="2373" status="PASS">
          <reporter-output>
          </reporter-output>
        </test-method> <!-- amConfig -->
        <test-method is-config="true" signature="bmConfig()[pri:0, instance:TestCaseRepo.TC_001@26794848]" started-at="2026-04-09T17:29:15 IST" name="bmConfig" finished-at="2026-04-09T17:29:19 IST" duration-ms="3941" status="PASS">
          <reporter-output>
          </reporter-output>
        </test-method> <!-- bmConfig -->
        <test-method retried="true" signature="annotationOperation()[pri:0, instance:TestCaseRepo.TC_001@26794848]" started-at="2026-04-09T17:29:19 IST" name="annotationOperation" finished-at="2026-04-09T17:29:29 IST" duration-ms="10359" status="SKIP">
          <exception class="java.lang.AssertionError">
            <message>
              <![CDATA[null]]>
            </message>
            <full-stacktrace>
              <![CDATA[java.lang.AssertionError: null
at org.testng.Assert.fail(Assert.java:111)
at org.testng.Assert.fail(Assert.java:116)
at TestCaseRepo.TC_001.annotationOperation(TC_001.java:29)
at java.base/jdk.internal.reflect.DirectMethodHandleAccessor.invoke(DirectMethodHandleAccessor.java:103)
at java.base/java.lang.reflect.Method.invoke(Method.java:580)
at org.testng.internal.invokers.MethodInvocationHelper.invokeMethod(MethodInvocationHelper.java:141)
at org.testng.internal.invokers.TestInvoker.invokeMethod(TestInvoker.java:697)
at org.testng.internal.invokers.TestInvoker.retryFailed(TestInvoker.java:280)
at org.testng.internal.invokers.MethodRunner.runInSequence(MethodRunner.java:76)
at org.testng.internal.invokers.TestInvoker$MethodInvocationAgent.invoke(TestInvoker.java:1005)
at org.testng.internal.invokers.TestInvoker.invokeTestMethods(TestInvoker.java:203)
at org.testng.internal.invokers.TestMethodWorker.invokeTestMethods(TestMethodWorker.java:154)
at org.testng.internal.invokers.TestMethodWorker.run(TestMethodWorker.java:134)
at java.base/java.util.ArrayList.forEach(ArrayList.java:1596)
at org.testng.TestRunner.privateRun(TestRunner.java:744)
at org.testng.TestRunner.run(TestRunner.java:616)
at org.testng.SuiteRunner.runTest(SuiteRunner.java:421)
at org.testng.SuiteRunner.runSequentially(SuiteRunner.java:413)
at org.testng.SuiteRunner.privateRun(SuiteRunner.java:373)
at org.testng.SuiteRunner.run(SuiteRunner.java:312)
at org.testng.SuiteRunnerWorker.runSuite(SuiteRunnerWorker.java:52)
at org.testng.SuiteRunnerWorker.run(SuiteRunnerWorker.java:95)
at org.testng.TestNG.runSuitesSequentially(TestNG.java:1274)
at org.testng.TestNG.runSuitesLocally(TestNG.java:1208)
at org.testng.TestNG.runSuites(TestNG.java:1112)
at org.testng.TestNG.run(TestNG.java:1079)
at org.testng.remote.AbstractRemoteTestNG.run(AbstractRemoteTestNG.java:115)
at org.testng.remote.RemoteTestNG.initAndRun(RemoteTestNG.java:293)
at org.testng.remote.RemoteTestNG.main(RemoteTestNG.java:91)
]]>
            </full-stacktrace>
          </exception> <!-- java.lang.AssertionError -->
          <reporter-output>
          </reporter-output>
        </test-method> <!-- annotationOperation -->
        <test-method is-config="true" signature="amConfig()[pri:0, instance:TestCaseRepo.TC_001@26794848]" started-at="2026-04-09T17:29:29 IST" name="amConfig" finished-at="2026-04-09T17:29:31 IST" duration-ms="2132" status="PASS">
          <reporter-output>
          </reporter-output>
        </test-method> <!-- amConfig -->
        <test-method is-config="true" signature="bmConfig()[pri:0, instance:TestCaseRepo.TC_001@26794848]" started-at="2026-04-09T17:29:31 IST" name="bmConfig" finished-at="2026-04-09T17:29:35 IST" duration-ms="3709" status="PASS">
          <reporter-output>
          </reporter-output>
        </test-method> <!-- bmConfig -->
        <test-method signature="annotationOperation()[pri:0, instance:TestCaseRepo.TC_001@26794848]" started-at="2026-04-09T17:29:35 IST" name="annotationOperation" finished-at="2026-04-09T17:29:50 IST" duration-ms="15186" status="PASS">
          <reporter-output>
          </reporter-output>
        </test-method> <!-- annotationOperation -->
        <test-method is-config="true" signature="amConfig()[pri:0, instance:TestCaseRepo.TC_001@26794848]" started-at="2026-04-09T17:29:50 IST" name="amConfig" finished-at="2026-04-09T17:29:52 IST" duration-ms="2255" status="PASS">
          <reporter-output>
          </reporter-output>
        </test-method> <!-- amConfig -->
        <test-method is-config="true" signature="acConfig()[pri:0, instance:TestCaseRepo.TC_001@26794848]" started-at="2026-04-09T17:29:52 IST" name="acConfig" finished-at="2026-04-09T17:29:53 IST" duration-ms="325" status="PASS">
          <reporter-output>
          </reporter-output>
        </test-method> <!-- acConfig -->
      </class> <!-- TestCaseRepo.TC_001 -->
    </test> <!-- Test -->
  </suite> <!-- Suite -->
</testng-results>
