<?xml version="1.0" encoding="UTF-8"?>
<!-- Generated by org.testng.reporters.JUnitReportReporter -->
<testsuite hostname="DESKTOP-P1FTC9P" failures="0" tests="6" name="pomClass.TestNgPractice" time="0.034" errors="0" timestamp="2026-03-31T12:16:35 IST" skipped="1">
  <testcase classname="pomClass.TestNgPractice" name="bhuviSleep" time="0.002"/>
  <testcase classname="pomClass.TestNgPractice" name="bhuvicall" time="0.024"/>
  <testcase classname="pomClass.TestNgPractice" name="bhuviChats" time="0.001"/>
  <testcase classname="pomClass.TestNgPractice" name="bhuviEats" time="0.001"/>
  <testcase classname="pomClass.TestNgPractice" name="bhuviEats" time="0.006"/>
  <testcase classname="pomClass.TestNgPractice" name="bhuviSpeak">
    <skipped/>
  </testcase> <!-- bhuviSpeak -->
</testsuite> <!-- pomClass.TestNgPractice -->
