<?xml version="1.0" encoding="UTF-8"?>
<!-- Generated by org.testng.reporters.JUnitReportReporter -->
<testsuite hostname="DESKTOP-P1FTC9P" failures="0" tests="9" name="pomClass.TestNGPractice2" time="0.035" errors="0" timestamp="2026-04-01T11:31:59 IST" skipped="1">
  <testcase classname="pomClass.TestNGPractice2" name="bhuviFinishClass" time="0.023"/>
  <testcase classname="pomClass.TestNGPractice2" name="bhuviClass" time="0.001"/>
  <testcase classname="pomClass.TestNGPractice2" name="bhuviClass" time="0.002"/>
  <testcase classname="pomClass.TestNGPractice2" name="bhuviClass" time="0.003"/>
  <testcase classname="pomClass.TestNGPractice2" name="bhuviClass" time="0.001"/>
  <testcase classname="pomClass.TestNGPractice2" name="bhuviEats" time="0.001"/>
  <testcase classname="pomClass.TestNGPractice2" name="bhuviClass" time="0.002"/>
  <testcase classname="pomClass.TestNGPractice2" name="bhuviWakes" time="0.002"/>
  <testcase classname="pomClass.TestNGPractice2" name="bhuviMeetFriends">
    <skipped/>
  </testcase> <!-- bhuviMeetFriends -->
</testsuite> <!-- pomClass.TestNGPractice2 -->
