<?xml version="1.0" encoding="UTF-8"?>
<!-- Generated by org.testng.reporters.JUnitReportReporter -->
<testsuite hostname="DESKTOP-P1FTC9P" failures="0" tests="4" name="TestCaseRepo.TC_001" time="72.516" errors="0" timestamp="2026-04-09T17:29:54 IST" skipped="3">
  <testcase classname="TestCaseRepo.TC_001" name="annotationOperation" time="17.247">
    <skipped/>
  </testcase> <!-- annotationOperation -->
  <testcase classname="TestCaseRepo.TC_001" name="annotationOperation" time="21.268"/>
  <testcase classname="TestCaseRepo.TC_001" name="annotationOperation" time="21.053">
    <skipped/>
  </testcase> <!-- annotationOperation -->
  <testcase classname="TestCaseRepo.TC_001" name="annotationOperation" time="12.948">
    <skipped/>
  </testcase> <!-- annotationOperation -->
</testsuite> <!-- TestCaseRepo.TC_001 -->
