<?xml version="1.0" encoding="UTF-8"?>
<!-- Generated by org.testng.reporters.JUnitReportReporter -->
<testsuite hostname="DESKTOP-P1FTC9P" failures="0" tests="9" name="practice.TestNGPractice2" time="0.014" errors="0" timestamp="2026-04-10T10:41:16 IST" skipped="1">
  <testcase classname="practice.TestNGPractice2" name="bhuviFinishClass" time="0.004"/>
  <testcase classname="practice.TestNGPractice2" name="bhuviClass" time="0.001"/>
  <testcase classname="practice.TestNGPractice2" name="bhuviClass" time="0.003"/>
  <testcase classname="practice.TestNGPractice2" name="bhuviClass" time="0.001"/>
  <testcase classname="practice.TestNGPractice2" name="bhuviClass" time="0.002"/>
  <testcase classname="practice.TestNGPractice2" name="bhuviClass" time="0.001"/>
  <testcase classname="practice.TestNGPractice2" name="bhuviEats" time="0.001"/>
  <testcase classname="practice.TestNGPractice2" name="bhuviWakes" time="0.001"/>
  <testcase classname="practice.TestNGPractice2" name="bhuviMeetFriends">
    <skipped/>
  </testcase> <!-- bhuviMeetFriends -->
</testsuite> <!-- practice.TestNGPractice2 -->
