<?xml version="1.0" encoding="UTF-8"?>
<!-- Generated by org.testng.reporters.JUnitReportReporter -->
<testsuite hostname="DESKTOP-P1FTC9P" failures="0" tests="6" name="practice.TestNgPractice" time="0.014" errors="0" timestamp="2026-04-10T10:41:16 IST" skipped="0">
  <testcase classname="practice.TestNgPractice" name="bhuvicall" time="0.007"/>
  <testcase classname="practice.TestNgPractice" name="bhuviSleep" time="0.001"/>
  <testcase classname="practice.TestNgPractice" name="bhuviChats" time="0.002"/>
  <testcase classname="practice.TestNgPractice" name="bhuviSpeak" time="0.002"/>
  <testcase classname="practice.TestNgPractice" name="bhuviEats" time="0.001"/>
  <testcase classname="practice.TestNgPractice" name="bhuviEats" time="0.001"/>
</testsuite> <!-- practice.TestNgPractice -->
