<?xml version="1.0" encoding="UTF-8"?>
<!-- Generated by org.testng.reporters.JUnitReportReporter -->
<testsuite hostname="DESKTOP-P1FTC9P" failures="0" tests="3" name="TestCaseRepo.TestC_002" time="121.773" errors="0" timestamp="2026-04-10T12:39:42 IST" skipped="0">
  <testcase classname="TestCaseRepo.TestC_002" name="LE_002" time="44.395"/>
  <testcase classname="TestCaseRepo.TestC_002" name="LE_002" time="43.770"/>
  <testcase classname="TestCaseRepo.TestC_002" name="LE_002" time="33.608"/>
</testsuite> <!-- TestCaseRepo.TestC_002 -->
